Counter Queue:     boost::lockfree::spsc_queue
PreSampler Queue:  boost::lockfree::spsc_queue
PostSampler Queue: boost::lockfree::spsc_queue
140589113595648: Resizing
140589121988352: Resizing
140589113595648: New Max: 536608
140589121988352: New Max: 953534
140589121988352: Resizing
140589113595648: Resizing
140589113595648: Resizing
140589121988352: Resizing
140589113595648: Resizing
140589121988352: Resizing
140589113595648: Resizing
140589121988352: Resizing
140589121988352: Resizing
140589113595648: Resizing
140589121988352: Resizing
140589113595648: Resizing
140589121988352: Resizing
140589113595648: Resizing
140589121988352: Resizing
140589113595648: Resizing
140589121988352: Resizing
140589121988352: Outer Max: 953534
140589121988352: PrintStats
Thread: 140589121988352
  Sum: 120756462
  Avg: 120
  Max: 953534
  80%ile: 119
  90%ile: 122
  99%ile: 166
  99.9%ile: 335
  99.99%ile: 15116
140589113595648: Resizing
140589113595648: Outer Max: 536608
140589113595648: PrintStats
Thread: 140589113595648
  Sum: 138094896
  Avg: 138
  Max: 536608
  80%ile: 137
  90%ile: 144
  99%ile: 198
  99.9%ile: 344
  99.99%ile: 14537
